<?xml version="1.0" encoding="UTF-8"?>
<testng-results ignored="0" total="1" passed="1" failed="0" skipped="0">
  <reporter-output>
  </reporter-output>
  <suite started-at="2024-08-10T22:13:34 IST" name="Default suite" finished-at="2024-08-10T22:13:40 IST" duration-ms="6250">
    <groups>
    </groups>
    <test started-at="2024-08-10T22:13:34 IST" name="Default test" finished-at="2024-08-10T22:13:40 IST" duration-ms="6250">
      <class name="web.myTEst.AppTest">
        <test-method signature="mainTest()[pri:0, instance:web.myTEst.AppTest@5dafbe45]" started-at="2024-08-10T22:13:34 IST" name="mainTest" finished-at="2024-08-10T22:13:40 IST" duration-ms="6167" status="PASS">
          <reporter-output>
          </reporter-output>
        </test-method> <!-- mainTest -->
      </class> <!-- web.myTEst.AppTest -->
    </test> <!-- Default test -->
  </suite> <!-- Default suite -->
</testng-results>
